c:\users\redst\onedrive\desktop\sdl2 experement\sdl2experement\debug\vc143.pdb
c:\users\redst\onedrive\desktop\sdl2 experement\sdl2experement\debug\vc143.idb
c:\users\redst\onedrive\desktop\sdl2 experement\sdl2experement\debug\01_hello_sdl.obj
c:\users\redst\onedrive\desktop\sdl2 experement\sdl2experement\debug\main.obj
c:\users\redst\onedrive\desktop\sdl2 experement\sdl2experement\debug\controllermanager.obj
c:\users\redst\onedrive\desktop\sdl2 experement\sdl2experement\debug\renderobject.obj
c:\users\redst\onedrive\desktop\sdl2 experement\sdl2experement\debug\car.obj
c:\users\redst\onedrive\desktop\sdl2 experement\sdl2experement\debug\person.obj
c:\users\redst\onedrive\desktop\sdl2 experement\sdl2experement\debug\physicsmanager.obj
c:\users\redst\onedrive\desktop\sdl2 experement\sdl2experement\debug\sdl2experement.exe
c:\users\redst\onedrive\desktop\sdl2 experement\sdl2experement\debug\sdl2experement.ilk
c:\users\redst\onedrive\desktop\sdl2 experement\sdl2experement\debug\sdl2experement.pdb
c:\users\redst\onedrive\desktop\sdl2 experement\sdl2experement\debug\car.obj.enc
c:\users\redst\onedrive\desktop\sdl2 experement\sdl2experement\debug\controllermanager.obj.enc
c:\users\redst\onedrive\desktop\sdl2 experement\sdl2experement\debug\main.obj.enc
c:\users\redst\onedrive\desktop\sdl2 experement\sdl2experement\debug\sdl2experement.tlog\cl.command.1.tlog
c:\users\redst\onedrive\desktop\sdl2 experement\sdl2experement\debug\sdl2experement.tlog\cl.read.1.tlog
c:\users\redst\onedrive\desktop\sdl2 experement\sdl2experement\debug\sdl2experement.tlog\cl.write.1.tlog
c:\users\redst\onedrive\desktop\sdl2 experement\sdl2experement\debug\sdl2experement.tlog\link.command.1.tlog
c:\users\redst\onedrive\desktop\sdl2 experement\sdl2experement\debug\sdl2experement.tlog\link.read.1.tlog
c:\users\redst\onedrive\desktop\sdl2 experement\sdl2experement\debug\sdl2experement.tlog\link.write.1.tlog
